<?xml version="1.0" encoding="UTF-8"?>
<!-- Generated by org.testng.reporters.JUnitReportReporter -->
<testsuite hostname="JarvisLaptop" failures="0" tests="1" name="Login" time="2.341" errors="0" timestamp="2022-03-08T16:55:41 IST" skipped="0">
  <testcase classname="Login" name="login" time="2.341"/>
  <system-out/>
</testsuite> <!-- Login -->
